{"name": "User can see favorites tooltip for search result", "status": "broken", "statusDetails": {"message": "selenium.common.exceptions.TimeoutException: Message: Element not visible by ('xpath', \"//*[text()='Click to sign in and save']\")\nStacktrace:\n0   chromedriver                        0x000000010e041448 chromedriver + 6149192\n1   chromedriver                        0x000000010e038b0a chromedriver + 6114058\n2   chromedriver                        0x000000010dac9e80 chromedriver + 417408\n3   chromedriver                        0x000000010db1b587 chromedriver + 750983\n4   chromedriver                        0x000000010db1b7a1 chromedriver + 751521\n5   chromedriver                        0x000000010db6b784 chromedriver + 1079172\n6   chromedriver                        0x000000010db417bd chromedriver + 907197\n7   chromedriver                        0x000000010db68aca chromedriver + 1067722\n8   chromedriver                        0x000000010db41563 chromedriver + 906595\n9   chromedriver                        0x000000010db0d955 chromedriver + 694613\n10  chromedriver                        0x000000010db0e5b1 chromedriver + 697777\n11  chromedriver                        0x000000010dffef00 chromedriver + 5877504\n12  chromedriver                        0x000000010e002df1 chromedriver + 5893617\n13  chromedriver                        0x000000010dfd9344 chromedriver + 5722948\n14  chromedriver                        0x000000010e00380b chromedriver + 5896203\n15  chromedriver                        0x000000010dfc7ac4 chromedriver + 5651140\n16  chromedriver                        0x000000010e026918 chromedriver + 6039832\n17  chromedriver                        0x000000010e026ae0 chromedriver + 6040288\n18  chromedriver                        0x000000010e0386d1 chromedriver + 6112977\n19  libsystem_pthread.dylib             0x00007ff816e271d3 _pthread_start + 125\n20  libsystem_pthread.dylib             0x00007ff816e22bd3 thread_start + 15\n\n", "trace": "  File \"/Users/hamzasali/Desktop/QA/python-selenium-automation/.venv/lib/python3.13/site-packages/behave/model.py\", line 1329, in run\n    match.run(runner.context)\n    ~~~~~~~~~^^^^^^^^^^^^^^^^\n  File \"/Users/hamzasali/Desktop/QA/python-selenium-automation/.venv/lib/python3.13/site-packages/behave/matchers.py\", line 98, in run\n    self.func(context, *args, **kwargs)\n    ~~~~~~~~~^^^^^^^^^^^^^^^^^^^^^^^^^^\n  File \"features/steps/search_results_steps.py\", line 47, in verify_favorite_tooltip\n    context.app.search_results_page.verify_favorite_tooltip()\n    ~~~~~~~~~~~~~~~~~~~~~~~~~~~~~~~~~~~~~~~~~~~~~~~~~~~~~~~^^\n  File \"/Users/hamzasali/Desktop/QA/python-selenium-automation/pages/search_results_page.py\", line 25, in verify_favorite_tooltip\n    self.wait_until_visible(*self.FAVORITES_TOOLTIP_TXT)\n    ~~~~~~~~~~~~~~~~~~~~~~~^^^^^^^^^^^^^^^^^^^^^^^^^^^^^\n  File \"/Users/hamzasali/Desktop/QA/python-selenium-automation/pages/base_page.py\", line 39, in wait_until_visible\n    self.wait.until(EC.visibility_of_element_located(locator), message=f'Element not visible by {locator}')\n    ~~~~~~~~~~~~~~~^^^^^^^^^^^^^^^^^^^^^^^^^^^^^^^^^^^^^^^^^^^^^^^^^^^^^^^^^^^^^^^^^^^^^^^^^^^^^^^^^^^^^^^^\n  File \"/Users/hamzasali/Desktop/QA/python-selenium-automation/.venv/lib/python3.13/site-packages/selenium/webdriver/support/wait.py\", line 146, in until\n    raise TimeoutException(message, screen, stacktrace)\n"}, "steps": [{"name": "Given Open target main page", "status": "passed", "start": 1745348455923, "stop": 1745348467614}, {"name": "When Search for tea", "status": "passed", "start": 1745348467614, "stop": 1745348480634}, {"name": "And Hover favorite icon", "status": "passed", "start": 1745348480634, "stop": 1745348480981}, {"name": "Then Favorite tooltip is shown", "status": "broken", "statusDetails": {"message": "selenium.common.exceptions.TimeoutException: Message: Element not visible by ('xpath', \"//*[text()='Click to sign in and save']\")\nStacktrace:\n0   chromedriver                        0x000000010e041448 chromedriver + 6149192\n1   chromedriver                        0x000000010e038b0a chromedriver + 6114058\n2   chromedriver                        0x000000010dac9e80 chromedriver + 417408\n3   chromedriver                        0x000000010db1b587 chromedriver + 750983\n4   chromedriver                        0x000000010db1b7a1 chromedriver + 751521\n5   chromedriver                        0x000000010db6b784 chromedriver + 1079172\n6   chromedriver                        0x000000010db417bd chromedriver + 907197\n7   chromedriver                        0x000000010db68aca chromedriver + 1067722\n8   chromedriver                        0x000000010db41563 chromedriver + 906595\n9   chromedriver                        0x000000010db0d955 chromedriver + 694613\n10  chromedriver                        0x000000010db0e5b1 chromedriver + 697777\n11  chromedriver                        0x000000010dffef00 chromedriver + 5877504\n12  chromedriver                        0x000000010e002df1 chromedriver + 5893617\n13  chromedriver                        0x000000010dfd9344 chromedriver + 5722948\n14  chromedriver                        0x000000010e00380b chromedriver + 5896203\n15  chromedriver                        0x000000010dfc7ac4 chromedriver + 5651140\n16  chromedriver                        0x000000010e026918 chromedriver + 6039832\n17  chromedriver                        0x000000010e026ae0 chromedriver + 6040288\n18  chromedriver                        0x000000010e0386d1 chromedriver + 6112977\n19  libsystem_pthread.dylib             0x00007ff816e271d3 _pthread_start + 125\n20  libsystem_pthread.dylib             0x00007ff816e22bd3 thread_start + 15\n\n", "trace": "  File \"/Users/hamzasali/Desktop/QA/python-selenium-automation/.venv/lib/python3.13/site-packages/behave/model.py\", line 1329, in run\n    match.run(runner.context)\n    ~~~~~~~~~^^^^^^^^^^^^^^^^\n  File \"/Users/hamzasali/Desktop/QA/python-selenium-automation/.venv/lib/python3.13/site-packages/behave/matchers.py\", line 98, in run\n    self.func(context, *args, **kwargs)\n    ~~~~~~~~~^^^^^^^^^^^^^^^^^^^^^^^^^^\n  File \"features/steps/search_results_steps.py\", line 47, in verify_favorite_tooltip\n    context.app.search_results_page.verify_favorite_tooltip()\n    ~~~~~~~~~~~~~~~~~~~~~~~~~~~~~~~~~~~~~~~~~~~~~~~~~~~~~~~^^\n  File \"/Users/hamzasali/Desktop/QA/python-selenium-automation/pages/search_results_page.py\", line 25, in verify_favorite_tooltip\n    self.wait_until_visible(*self.FAVORITES_TOOLTIP_TXT)\n    ~~~~~~~~~~~~~~~~~~~~~~~^^^^^^^^^^^^^^^^^^^^^^^^^^^^^\n  File \"/Users/hamzasali/Desktop/QA/python-selenium-automation/pages/base_page.py\", line 39, in wait_until_visible\n    self.wait.until(EC.visibility_of_element_located(locator), message=f'Element not visible by {locator}')\n    ~~~~~~~~~~~~~~~^^^^^^^^^^^^^^^^^^^^^^^^^^^^^^^^^^^^^^^^^^^^^^^^^^^^^^^^^^^^^^^^^^^^^^^^^^^^^^^^^^^^^^^^\n  File \"/Users/hamzasali/Desktop/QA/python-selenium-automation/.venv/lib/python3.13/site-packages/selenium/webdriver/support/wait.py\", line 146, in until\n    raise TimeoutException(message, screen, stacktrace)\n"}, "start": 1745348480981, "stop": 1745348494128}], "start": 1745348452469, "stop": 1745348494627, "uuid": "d8772f89-ba1e-4e38-8559-766c842c91da", "historyId": "4b21b8104ffccdfb7c6093d03d9c8601", "fullName": "Target search test cases: User can see favorites tooltip for search result", "labels": [{"name": "severity", "value": "normal"}, {"name": "feature", "value": "Target search test cases"}, {"name": "framework", "value": "behave"}, {"name": "language", "value": "cpython3"}]}